Unity Editor version:    2019.4.33f1 (c9b2b02eeeef)
Branch:                  2019.4/staging
Build type:              Debug
Batch mode:              YES
macOS version:           Version 10.14.6 (Build 18G103)
Darwin version:          18.7.0
Architecture:            x86_64
Running under Rosetta:   NO
Available memory:        16384 MB
[LicensingClient] ERROR Failed to connect to local IPC
[Licensing::Module] Failed to connect to channel: LicenseClient-zapparadmin
Launching external process: /Applications/Unity/Hub/Editor/2019.4.33f1/Unity.app/Contents/Frameworks/UnityLicensingClient.app/Contents/Resources/Unity.Licensing.Client
[Licensing::Module] Successfully launched the LicensingClient
[Licensing::Module] Successfully connected to LicensingClient on channel: LicenseClient-zapparadmin
[Licensing::Module] Successfully launched and connected to LicensingClient
Entitlement-based licensing initiated
[LicensingClient] Licenses Updated successfully in LicensingClient
[Licensing::Module] Serial number assigned to: "SB-PBF7-KAEQ-53XU-28WX-XXXX"\nPro License: YES

LICENSE SYSTEM [20211220 17:6:28] Next license update check is after 2020-06-26T15:06:05


LICENSE SYSTEM [20211220 17:6:28] Current license is already valid and activated. Skipping license activation process (Provided username/password will be ignored).
[Package Manager] Server::Start -- Port 58037 was selected
Launching external process: /Applications/Unity/Hub/Editor/2019.4.33f1/Unity.app/Contents/Resources/PackageManager/Server/UnityPackageManager

COMMAND LINE ARGUMENTS:
/Applications/Unity/Hub/Editor/2019.4.33f1/Unity.app/Contents/MacOS/Unity
-quit
-batchmode
-nographics
-logFile
unitylog-settings.log
-serial
(hidden)
-username
connell@zappar.com
-password
(hidden)
-projectPath
./
-executeMethod
ImportZCV.UpdateProjectSettings
Successfully changed project path to: /Users/zapparadmin/builds/7fcaf854/0/vision/zappar-unity-examples/build/face-tracking-3d-model
/Users/zapparadmin/builds/7fcaf854/0/vision/zappar-unity-examples/build/face-tracking-3d-model
Using Asset Import Pipeline V2.
DisplayProgressbar: Unity Package Manager
Adding genesis user token [Package Manager] Done resolving packages in 0.53s seconds
[Package Manager] Done checking package constraints in 0.00s seconds
[Package Manager] 
Registered 42 packages:
  Packages from [https://packages.unity.com]:
    com.unity.collab-proxy@1.14.1 (location: /Users/zapparadmin/builds/7fcaf854/0/vision/zappar-unity-examples/build/face-tracking-3d-model/Library/PackageCache/com.unity.collab-proxy@1.14.1)
    com.unity.ide.rider@1.2.1 (location: /Users/zapparadmin/builds/7fcaf854/0/vision/zappar-unity-examples/build/face-tracking-3d-model/Library/PackageCache/com.unity.ide.rider@1.2.1)
    com.unity.ide.vscode@1.2.4 (location: /Users/zapparadmin/builds/7fcaf854/0/vision/zappar-unity-examples/build/face-tracking-3d-model/Library/PackageCache/com.unity.ide.vscode@1.2.4)
    com.unity.test-framework@1.1.29 (location: /Users/zapparadmin/builds/7fcaf854/0/vision/zappar-unity-examples/build/face-tracking-3d-model/Library/PackageCache/com.unity.test-framework@1.1.29)
    com.unity.textmeshpro@2.1.4 (location: /Users/zapparadmin/builds/7fcaf854/0/vision/zappar-unity-examples/build/face-tracking-3d-model/Library/PackageCache/com.unity.textmeshpro@2.1.4)
    com.unity.timeline@1.2.18 (location: /Users/zapparadmin/builds/7fcaf854/0/vision/zappar-unity-examples/build/face-tracking-3d-model/Library/PackageCache/com.unity.timeline@1.2.18)
    com.unity.editorcoroutines@1.0.0 (location: /Users/zapparadmin/builds/7fcaf854/0/vision/zappar-unity-examples/build/face-tracking-3d-model/Library/PackageCache/com.unity.editorcoroutines@1.0.0)
    com.unity.ext.nunit@1.0.6 (location: /Users/zapparadmin/builds/7fcaf854/0/vision/zappar-unity-examples/build/face-tracking-3d-model/Library/PackageCache/com.unity.ext.nunit@1.0.6)
  Built-in packages:
    com.unity.ugui@1.0.0 (location: /Users/zapparadmin/builds/7fcaf854/0/vision/zappar-unity-examples/build/face-tracking-3d-model/Library/PackageCache/com.unity.ugui@1.0.0)
    com.unity.modules.ai@1.0.0 (location: /Users/zapparadmin/builds/7fcaf854/0/vision/zappar-unity-examples/build/face-tracking-3d-model/Library/PackageCache/com.unity.modules.ai@1.0.0)
    com.unity.modules.androidjni@1.0.0 (location: /Users/zapparadmin/builds/7fcaf854/0/vision/zappar-unity-examples/build/face-tracking-3d-model/Library/PackageCache/com.unity.modules.androidjni@1.0.0)
    com.unity.modules.animation@1.0.0 (location: /Users/zapparadmin/builds/7fcaf854/0/vision/zappar-unity-examples/build/face-tracking-3d-model/Library/PackageCache/com.unity.modules.animation@1.0.0)
    com.unity.modules.assetbundle@1.0.0 (location: /Users/zapparadmin/builds/7fcaf854/0/vision/zappar-unity-examples/build/face-tracking-3d-model/Library/PackageCache/com.unity.modules.assetbundle@1.0.0)
    com.unity.modules.audio@1.0.0 (location: /Users/zapparadmin/builds/7fcaf854/0/vision/zappar-unity-examples/build/face-tracking-3d-model/Library/PackageCache/com.unity.modules.audio@1.0.0)
    com.unity.modules.cloth@1.0.0 (location: /Users/zapparadmin/builds/7fcaf854/0/vision/zappar-unity-examples/build/face-tracking-3d-model/Library/PackageCache/com.unity.modules.cloth@1.0.0)
    com.unity.modules.director@1.0.0 (location: /Users/zapparadmin/builds/7fcaf854/0/vision/zappar-unity-examples/build/face-tracking-3d-model/Library/PackageCache/com.unity.modules.director@1.0.0)
    com.unity.modules.imageconversion@1.0.0 (location: /Users/zapparadmin/builds/7fcaf854/0/vision/zappar-unity-examples/build/face-tracking-3d-model/Library/PackageCache/com.unity.modules.imageconversion@1.0.0)
    com.unity.modules.imgui@1.0.0 (location: /Users/zapparadmin/builds/7fcaf854/0/vision/zappar-unity-examples/build/face-tracking-3d-model/Library/PackageCache/com.unity.modules.imgui@1.0.0)
    com.unity.modules.jsonserialize@1.0.0 (location: /Users/zapparadmin/builds/7fcaf854/0/vision/zappar-unity-examples/build/face-tracking-3d-model/Library/PackageCache/com.unity.modules.jsonserialize@1.0.0)
    com.unity.modules.particlesystem@1.0.0 (location: /Users/zapparadmin/builds/7fcaf854/0/vision/zappar-unity-examples/build/face-tracking-3d-model/Library/PackageCache/com.unity.modules.particlesystem@1.0.0)
    com.unity.modules.physics@1.0.0 (location: /Users/zapparadmin/builds/7fcaf854/0/vision/zappar-unity-examples/build/face-tracking-3d-model/Library/PackageCache/com.unity.modules.physics@1.0.0)
    com.unity.modules.physics2d@1.0.0 (location: /Users/zapparadmin/builds/7fcaf854/0/vision/zappar-unity-examples/build/face-tracking-3d-model/Library/PackageCache/com.unity.modules.physics2d@1.0.0)
    com.unity.modules.screencapture@1.0.0 (location: /Users/zapparadmin/builds/7fcaf854/0/vision/zappar-unity-examples/build/face-tracking-3d-model/Library/PackageCache/com.unity.modules.screencapture@1.0.0)
    com.unity.modules.terrain@1.0.0 (location: /Users/zapparadmin/builds/7fcaf854/0/vision/zappar-unity-examples/build/face-tracking-3d-model/Library/PackageCache/com.unity.modules.terrain@1.0.0)
    com.unity.modules.terrainphysics@1.0.0 (location: /Users/zapparadmin/builds/7fcaf854/0/vision/zappar-unity-examples/build/face-tracking-3d-model/Library/PackageCache/com.unity.modules.terrainphysics@1.0.0)
    com.unity.modules.tilemap@1.0.0 (location: /Users/zapparadmin/builds/7fcaf854/0/vision/zappar-unity-examples/build/face-tracking-3d-model/Library/PackageCache/com.unity.modules.tilemap@1.0.0)
    com.unity.modules.ui@1.0.0 (location: /Users/zapparadmin/builds/7fcaf854/0/vision/zappar-unity-examples/build/face-tracking-3d-model/Library/PackageCache/com.unity.modules.ui@1.0.0)
    com.unity.modules.uielements@1.0.0 (location: /Users/zapparadmin/builds/7fcaf854/0/vision/zappar-unity-examples/build/face-tracking-3d-model/Library/PackageCache/com.unity.modules.uielements@1.0.0)
    com.unity.modules.umbra@1.0.0 (location: /Users/zapparadmin/builds/7fcaf854/0/vision/zappar-unity-examples/build/face-tracking-3d-model/Library/PackageCache/com.unity.modules.umbra@1.0.0)
    com.unity.modules.unityanalytics@1.0.0 (location: /Users/zapparadmin/builds/7fcaf854/0/vision/zappar-unity-examples/build/face-tracking-3d-model/Library/PackageCache/com.unity.modules.unityanalytics@1.0.0)
    com.unity.modules.unitywebrequest@1.0.0 (location: /Users/zapparadmin/builds/7fcaf854/0/vision/zappar-unity-examples/build/face-tracking-3d-model/Library/PackageCache/com.unity.modules.unitywebrequest@1.0.0)
    com.unity.modules.unitywebrequestassetbundle@1.0.0 (location: /Users/zapparadmin/builds/7fcaf854/0/vision/zappar-unity-examples/build/face-tracking-3d-model/Library/PackageCache/com.unity.modules.unitywebrequestassetbundle@1.0.0)
    com.unity.modules.unitywebrequestaudio@1.0.0 (location: /Users/zapparadmin/builds/7fcaf854/0/vision/zappar-unity-examples/build/face-tracking-3d-model/Library/PackageCache/com.unity.modules.unitywebrequestaudio@1.0.0)
    com.unity.modules.unitywebrequesttexture@1.0.0 (location: /Users/zapparadmin/builds/7fcaf854/0/vision/zappar-unity-examples/build/face-tracking-3d-model/Library/PackageCache/com.unity.modules.unitywebrequesttexture@1.0.0)
    com.unity.modules.unitywebrequestwww@1.0.0 (location: /Users/zapparadmin/builds/7fcaf854/0/vision/zappar-unity-examples/build/face-tracking-3d-model/Library/PackageCache/com.unity.modules.unitywebrequestwww@1.0.0)
    com.unity.modules.vehicles@1.0.0 (location: /Users/zapparadmin/builds/7fcaf854/0/vision/zappar-unity-examples/build/face-tracking-3d-model/Library/PackageCache/com.unity.modules.vehicles@1.0.0)
    com.unity.modules.video@1.0.0 (location: /Users/zapparadmin/builds/7fcaf854/0/vision/zappar-unity-examples/build/face-tracking-3d-model/Library/PackageCache/com.unity.modules.video@1.0.0)
    com.unity.modules.vr@1.0.0 (location: /Users/zapparadmin/builds/7fcaf854/0/vision/zappar-unity-examples/build/face-tracking-3d-model/Library/PackageCache/com.unity.modules.vr@1.0.0)
    com.unity.modules.wind@1.0.0 (location: /Users/zapparadmin/builds/7fcaf854/0/vision/zappar-unity-examples/build/face-tracking-3d-model/Library/PackageCache/com.unity.modules.wind@1.0.0)
    com.unity.modules.xr@1.0.0 (location: /Users/zapparadmin/builds/7fcaf854/0/vision/zappar-unity-examples/build/face-tracking-3d-model/Library/PackageCache/com.unity.modules.xr@1.0.0)
    com.unity.modules.subsystems@1.0.0 (location: /Users/zapparadmin/builds/7fcaf854/0/vision/zappar-unity-examples/build/face-tracking-3d-model/Library/PackageCache/com.unity.modules.subsystems@1.0.0)
  Git packages:
    com.zappar.uar@https://github.com/zappar-xr/universal-ar-unity.git (location: /Users/zapparadmin/builds/7fcaf854/0/vision/zappar-unity-examples/build/face-tracking-3d-model/Library/PackageCache/com.zappar.uar@5bd7c2d1ff)

[Subsystems] No new subsystems found in resolved package list.
[Package Manager] Done registering packages in 0.03s seconds
Refreshing native plugins compatible for Editor in 30.70 ms, found 3 plugins.
Preloading 1 native plugins for Editor in 2.33 ms.
Initialize engine version: 2019.4.33f1 (c9b2b02eeeef)
[Subsystems] Discovering subsystems at path /Applications/Unity/Hub/Editor/2019.4.33f1/Unity.app/Contents/Resources/UnitySubsystems
[Subsystems] Discovering subsystems at path /Users/zapparadmin/builds/7fcaf854/0/vision/zappar-unity-examples/build/face-tracking-3d-model/Assets
Forcing GfxDevice: Null
GfxDevice: creating device client; threaded=0
NullGfxDevice:
    Version:  NULL 1.0 [1.0]
    Renderer: Null Device
    Vendor:   Unity Technologies
Initialize mono
Mono path[0] = '/Applications/Unity/Hub/Editor/2019.4.33f1/Unity.app/Contents/Managed'
Mono path[1] = '/Applications/Unity/Hub/Editor/2019.4.33f1/Unity.app/Contents/MonoBleedingEdge/lib/mono/unityjit'
Mono config path = '/Applications/Unity/Hub/Editor/2019.4.33f1/Unity.app/Contents/MonoBleedingEdge/etc'
Using monoOptions --debugger-agent=transport=dt_socket,embedding=1,server=y,suspend=n,address=127.0.0.1:56982
ImportWorker Server TCP listen port: 58044
Begin MonoManager ReloadAssembly
Registering precompiled unity dll's ...
Register platform support module: /Applications/Unity/Hub/Editor/2019.4.33f1/PlaybackEngines/WebGLSupport/UnityEditor.WebGL.Extensions.dll
Register platform support module: /Applications/Unity/Hub/Editor/2019.4.33f1/Unity.app/Contents/PlaybackEngines/MacStandaloneSupport/UnityEditor.OSXStandalone.Extensions.dll
Register platform support module: /Applications/Unity/Hub/Editor/2019.4.33f1/PlaybackEngines/AndroidPlayer/UnityEditor.Android.Extensions.dll
Register platform support module: /Applications/Unity/Hub/Editor/2019.4.33f1/PlaybackEngines/iOSSupport/UnityEditor.iOS.Extensions.dll
Registered in 0.024039 seconds.
[usbmuxd] Start listen thread
[usbmuxd] Listen thread started
[usbmuxd] Send listen message
Native extension for iOS target not found
Native extension for Android target not found
Native extension for OSXStandalone target not found
Native extension for WebGL target not found
Refreshing native plugins compatible for Editor in 26.19 ms, found 3 plugins.
Preloading 1 native plugins for Editor in 0.41 ms.
Mono: successfully reloaded assembly
- Completed reload, in  1.508 seconds
Domain Reload Profiling:
	ReloadAssembly (1537ms)
		BeginReloadAssembly (35ms)
			ExecutionOrderSort (0ms)
			DisableScriptedObjects (0ms)
			BackupInstance (0ms)
			ReleaseScriptingObjects (0ms)
			CreateAndSetChildDomain (1ms)
		EndReloadAssembly (607ms)
			LoadAssemblies (34ms)
			RebuildTransferFunctionScriptingTraits (0ms)
			SetupTypeCache (184ms)
			ReleaseScriptCaches (0ms)
			RebuildScriptCaches (40ms)
			SetupLoadedEditorAssemblies (323ms)
				LogAssemblyErrors (0ms)
				InitializePlatformSupportModulesInManaged (202ms)
				SetLoadedEditorAssemblies (1ms)
				RefreshPlugins (27ms)
				BeforeProcessingInitializeOnLoad (4ms)
				ProcessInitializeOnLoadAttributes (81ms)
				ProcessInitializeOnLoadMethodAttributes (8ms)
				AfterProcessingInitializeOnLoad (0ms)
				EditorAssembliesLoaded (0ms)
			ExecutionOrderSort2 (0ms)
			AwakeInstancesAfterBackupRestoration (0ms)
Registering precompiled user dll's ...
Registered in 0.038615 seconds.
Platform modules already initialized, skipping
Validating Project structure ... 0.000521 seconds.
Shader import version has changed; will reimport all shaders...
Upgrading shader files ...0.000806 seconds.
Begin MonoManager ReloadAssembly
Native extension for iOS target not found
Native extension for Android target not found
Native extension for OSXStandalone target not found
Native extension for WebGL target not found
Refreshing native plugins compatible for Editor in 0.45 ms, found 3 plugins.
Preloading 1 native plugins for Editor in 0.41 ms.
Mono: successfully reloaded assembly
- Completed reload, in  0.955 seconds
Domain Reload Profiling:
	ReloadAssembly (1000ms)
		BeginReloadAssembly (65ms)
			ExecutionOrderSort (0ms)
			DisableScriptedObjects (1ms)
			BackupInstance (0ms)
			ReleaseScriptingObjects (0ms)
			CreateAndSetChildDomain (30ms)
		EndReloadAssembly (860ms)
			LoadAssemblies (53ms)
			RebuildTransferFunctionScriptingTraits (0ms)
			SetupTypeCache (318ms)
			ReleaseScriptCaches (0ms)
			RebuildScriptCaches (57ms)
			SetupLoadedEditorAssemblies (365ms)
				LogAssemblyErrors (0ms)
				InitializePlatformSupportModulesInManaged (38ms)
				SetLoadedEditorAssemblies (1ms)
				RefreshPlugins (1ms)
				BeforeProcessingInitializeOnLoad (73ms)
				ProcessInitializeOnLoadAttributes (248ms)
				ProcessInitializeOnLoadMethodAttributes (4ms)
				AfterProcessingInitializeOnLoad (1ms)
				EditorAssembliesLoaded (0ms)
			ExecutionOrderSort2 (0ms)
			AwakeInstancesAfterBackupRestoration (1ms)
Platform modules already initialized, skipping
RefreshInfo: InitialScriptRefreshV2(NoUpdateAssetOptions)
RefreshProfiler: Total: 1328.648ms
	InvokeBeforeRefreshCallbacks: 0.125ms
	ApplyChangesToAssetFolders: 0.048ms
	WriteModifiedImportersToTextMetaFiles: 0.000ms
	CleanLegacyArtifacts: 0.000ms
	Scan: 19.855ms
	OnSourceAssetsModified: 0.000ms
	UnregisterDeletedAssets: 0.000ms
	InitializeImportedAssetsSnapshot: 0.162ms
	GetAllGuidsForCategorization: 0.140ms
	CategorizeAssets: 27.142ms
	ImportAndPostprocessOutOfDateAssets: 1274.664ms (1274.243ms without children)
		ImportManagerImport: 0.000ms (0.000ms without children)
			ImportInProcess: 0.000ms
			ImportOutOfProcess: 0.000ms
			UpdateCategorizedAssets: 0.000ms
			RemoteAssetCacheGetArtifact: 0.000ms (0.000ms without children)
				RemoteAssetCacheResolve: 0.000ms
				RemoteAssetCacheDownloadFile: 0.000ms
		CompileScripts: 0.000ms
		PostProcessAllAssets: 0.000ms
		ReloadImportedAssets: 0.000ms
		VerifyAssetsAreUpToDateAndCorrect: 0.000ms
		EnsureUptoDateAssetsAreRegisteredWithGuidPM: 0.143ms
		InitializingProgressBar: 0.000ms
		PostProcessAllAssetNotificationsAddChangedAssets: 0.141ms
		OnDemandSchedulerStart: 0.000ms
		RestoreLoadedAssetsState: 0.136ms
	InvokeProjectHasChanged: 0.000ms
	UpdateImportedAssetsSnapshot: 0.000ms
	ReloadSourceAssets: 0.373ms
	UnloadImportedAssets: 0.004ms
	Hotreload: 0.168ms
	FixTempGuids: 0.003ms
	VerifyGuidPMRegistrations: 0.000ms
	GatherAllCurrentPrimaryArtifactRevisions: 0.000ms
	UnloadStreamsBegin: 0.269ms
	LoadedImportedAssetsSnapshotReleaseGCHandles: 0.004ms
	GetLoadedSourceAssetsSnapshot: 0.214ms
	PersistCurrentRevisions: 0.000ms
	UnloadStreamsEnd: 5.120ms
	GenerateScriptTypeHashes: 0.213ms
	Untracked: 0.356ms
Refresh completed in 0.052640 seconds.
RefreshInfo: RefreshV2(ForceSynchronousImport)
RefreshProfiler: Total: 52.635ms
	InvokeBeforeRefreshCallbacks: 0.164ms
	ApplyChangesToAssetFolders: 0.052ms
	WriteModifiedImportersToTextMetaFiles: 0.000ms
	CleanLegacyArtifacts: 0.000ms
	Scan: 19.068ms
	OnSourceAssetsModified: 0.000ms
	UnregisterDeletedAssets: 0.000ms
	InitializeImportedAssetsSnapshot: 3.399ms
	GetAllGuidsForCategorization: 0.118ms
	CategorizeAssets: 25.571ms
	ImportAndPostprocessOutOfDateAssets: 2.460ms (0.801ms without children)
		ImportManagerImport: 0.000ms (0.000ms without children)
			ImportInProcess: 0.000ms
			ImportOutOfProcess: 0.000ms
			UpdateCategorizedAssets: 0.000ms
			RemoteAssetCacheGetArtifact: 0.000ms (0.000ms without children)
				RemoteAssetCacheResolve: 0.000ms
				RemoteAssetCacheDownloadFile: 0.000ms
		CompileScripts: 0.000ms
		PostProcessAllAssets: 0.000ms
		ReloadImportedAssets: 0.000ms
		VerifyAssetsAreUpToDateAndCorrect: 0.000ms
		EnsureUptoDateAssetsAreRegisteredWithGuidPM: 0.179ms
		InitializingProgressBar: 0.000ms
		PostProcessAllAssetNotificationsAddChangedAssets: 0.078ms
		OnDemandSchedulerStart: 0.405ms
		RestoreLoadedAssetsState: 0.996ms
	InvokeProjectHasChanged: 0.000ms
	UpdateImportedAssetsSnapshot: 0.000ms
	ReloadSourceAssets: 0.347ms
	UnloadImportedAssets: 0.055ms
	Hotreload: 0.011ms
	FixTempGuids: 0.002ms
	VerifyGuidPMRegistrations: 0.000ms
	GatherAllCurrentPrimaryArtifactRevisions: 0.165ms
	UnloadStreamsBegin: 0.007ms
	LoadedImportedAssetsSnapshotReleaseGCHandles: 0.367ms
	GetLoadedSourceAssetsSnapshot: 1.432ms
	PersistCurrentRevisions: 0.000ms
	UnloadStreamsEnd: 0.007ms
	GenerateScriptTypeHashes: 0.188ms
	Untracked: -0.591ms
RefreshInfo: StopAssetImportingV2(ForceSynchronousImport)
RefreshProfiler: Total: 4.595ms
	InvokeBeforeRefreshCallbacks: 0.140ms
	ApplyChangesToAssetFolders: 0.053ms
	WriteModifiedImportersToTextMetaFiles: 0.000ms
	CleanLegacyArtifacts: 0.000ms
	Scan: 1.156ms
	OnSourceAssetsModified: 0.000ms
	UnregisterDeletedAssets: 0.000ms
	InitializeImportedAssetsSnapshot: 1.807ms
	GetAllGuidsForCategorization: 0.000ms
	CategorizeAssets: 0.000ms
	ImportAndPostprocessOutOfDateAssets: 0.000ms (0.000ms without children)
		ImportManagerImport: 0.000ms (0.000ms without children)
			ImportInProcess: 0.000ms
			ImportOutOfProcess: 0.000ms
			UpdateCategorizedAssets: 0.000ms
			RemoteAssetCacheGetArtifact: 0.000ms (0.000ms without children)
				RemoteAssetCacheResolve: 0.000ms
				RemoteAssetCacheDownloadFile: 0.000ms
		CompileScripts: 0.000ms
		PostProcessAllAssets: 0.000ms
		ReloadImportedAssets: 0.000ms
		VerifyAssetsAreUpToDateAndCorrect: 0.000ms
		EnsureUptoDateAssetsAreRegisteredWithGuidPM: 0.000ms
		InitializingProgressBar: 0.000ms
		PostProcessAllAssetNotificationsAddChangedAssets: 0.000ms
		OnDemandSchedulerStart: 0.000ms
		RestoreLoadedAssetsState: 0.000ms
	InvokeProjectHasChanged: 0.000ms
	UpdateImportedAssetsSnapshot: 0.000ms
	ReloadSourceAssets: 0.000ms
	UnloadImportedAssets: 0.000ms
	Hotreload: 0.009ms
	FixTempGuids: 0.002ms
	VerifyGuidPMRegistrations: 0.000ms
	GatherAllCurrentPrimaryArtifactRevisions: 0.165ms
	UnloadStreamsBegin: 0.043ms
	LoadedImportedAssetsSnapshotReleaseGCHandles: 0.351ms
	GetLoadedSourceAssetsSnapshot: 0.376ms
	PersistCurrentRevisions: 0.000ms
	UnloadStreamsEnd: 0.007ms
	GenerateScriptTypeHashes: 0.000ms
	Untracked: 0.487ms
Refresh completed in 0.051104 seconds.
RefreshInfo: RefreshV2(NoUpdateAssetOptions)
RefreshProfiler: Total: 51.100ms
	InvokeBeforeRefreshCallbacks: 0.000ms
	ApplyChangesToAssetFolders: 0.053ms
	WriteModifiedImportersToTextMetaFiles: 0.000ms
	CleanLegacyArtifacts: 0.000ms
	Scan: 19.095ms
	OnSourceAssetsModified: 0.001ms
	UnregisterDeletedAssets: 0.000ms
	InitializeImportedAssetsSnapshot: 2.276ms
	GetAllGuidsForCategorization: 0.090ms
	CategorizeAssets: 25.795ms
	ImportAndPostprocessOutOfDateAssets: 1.834ms (0.406ms without children)
		ImportManagerImport: 0.000ms (0.000ms without children)
			ImportInProcess: 0.000ms
			ImportOutOfProcess: 0.000ms
			UpdateCategorizedAssets: 0.000ms
			RemoteAssetCacheGetArtifact: 0.000ms (0.000ms without children)
				RemoteAssetCacheResolve: 0.000ms
				RemoteAssetCacheDownloadFile: 0.000ms
		CompileScripts: 0.000ms
		PostProcessAllAssets: 0.000ms
		ReloadImportedAssets: 0.000ms
		VerifyAssetsAreUpToDateAndCorrect: 0.000ms
		EnsureUptoDateAssetsAreRegisteredWithGuidPM: 0.182ms
		InitializingProgressBar: 0.000ms
		PostProcessAllAssetNotificationsAddChangedAssets: 0.077ms
		OnDemandSchedulerStart: 0.127ms
		RestoreLoadedAssetsState: 1.041ms
	InvokeProjectHasChanged: 0.000ms
	UpdateImportedAssetsSnapshot: 0.000ms
	ReloadSourceAssets: 0.398ms
	UnloadImportedAssets: 0.053ms
	Hotreload: 0.038ms
	FixTempGuids: 0.002ms
	VerifyGuidPMRegistrations: 0.000ms
	GatherAllCurrentPrimaryArtifactRevisions: 0.174ms
	UnloadStreamsBegin: 0.025ms
	LoadedImportedAssetsSnapshotReleaseGCHandles: 0.373ms
	GetLoadedSourceAssetsSnapshot: 1.446ms
	PersistCurrentRevisions: 0.000ms
	UnloadStreamsEnd: 0.007ms
	GenerateScriptTypeHashes: 0.000ms
	Untracked: -0.560ms
Initializing Unity extensions:
 '/Applications/Unity/Hub/Editor/2019.4.33f1/Unity.app/Contents/UnityExtensions/Unity/UnityVR/Editor/UnityEditor.VR.dll'  GUID: 4ba2329b63d54f0187bcaa12486b1b0f
Unloading 61 Unused Serialized files (Serialized files now loaded: 0)
System memory in use before: 109.6 MB.
System memory in use after: 108.8 MB.

Unloading 110 unused Assets to reduce memory usage. Loaded Objects now: 1722.
Total: 2.437371 ms (FindLiveObjects: 0.234390 ms CreateObjectMapping: 0.066121 ms MarkObjects: 1.476510 ms  DeleteObjects: 0.658190 ms)

Done updating editor related project settings for publish
UnityEngine.StackTraceUtility:ExtractStackTrace () (at /Users/bokken/buildslave/unity/build/Runtime/Export/Scripting/StackTrace.cs:37)
UnityEngine.DebugLogHandler:LogFormat (UnityEngine.LogType,UnityEngine.Object,string,object[])
UnityEngine.Logger:Log (UnityEngine.LogType,object)
UnityEngine.Debug:Log (object)
Zappar.Editor.ZapparMenu:ZapparPublishSettings () (at Library/PackageCache/com.zappar.uar@5bd7c2d1ff/Editor/ZapparMenu.cs:153)
ImportZCV:UpdateProjectSettings () (at Assets/editor/ImportZCV.cs:38)
 
(Filename: /Users/bokken/buildslave/unity/build/Runtime/Export/Scripting/StackTrace.cs Line: 37)

Batchmode quit successfully invoked - shutting down!
[Performance] Application.InitializeProject                               :        1 samples, Peak.  4.44 s (1.0x), Avg.  4.44 s, Total. 4.442 s (82.0%)
[Performance] Application.PackageManager.StartServer                      :        1 samples, Peak.  1.67 ms (1.0x), Avg.  1.67 ms, Total. 1.670 ms (0.0%)
[Performance] Application.IsBrowserCacheEmpty                             :        1 samples, Peak.  48.2 us (1.0x), Avg.  48.2 us, Total. 48.17 us (0.0%)
[Performance] Application.AcquireProjectLock                              :        1 samples, Peak.   826 us (1.0x), Avg.   826 us, Total. 826.1 us (0.0%)
[Performance] Application.InitializeEngineNoGraphics                      :        1 samples, Peak.  39.9 ms (1.0x), Avg.  39.9 ms, Total. 39.89 ms (0.7%)
[Performance] Application.PackageManager.Initialize                       :        1 samples, Peak.   543 ms (1.0x), Avg.   543 ms, Total. 542.9 ms (10.0%)
[Performance] CurlRequestCheck                                            :        8 samples, Peak.  49.7 us (2.0x), Avg.  24.8 us, Total. 198.5 us (0.0%)
[Performance] PackageManager::RunRequestSynchronously                     :        6 samples, Peak.   280 us (5.3x), Avg.  52.6 us, Total. 315.8 us (0.0%)
[Performance] Application.EngineGraphics.Initialize                       :        1 samples, Peak.  34.9 ms (1.0x), Avg.  34.9 ms, Total. 34.91 ms (0.6%)
[Performance] Application.GI.Initialize                                   :        1 samples, Peak.   400 us (1.0x), Avg.   400 us, Total. 400.1 us (0.0%)
[Performance] Application.LoadAllDefaultResourcesFromEditor               :        1 samples, Peak.  2.68 ms (1.0x), Avg.  2.68 ms, Total. 2.677 ms (0.0%)
[Performance] Application.LoadMonoAssemblies                              :        1 samples, Peak.  1.58 s (1.0x), Avg.  1.58 s, Total. 1.580 s (29.2%)
[Performance] RestoreManagedReferences                                    :        2 samples, Peak.  4.05 ms (2.0x), Avg.  2.03 ms, Total. 4.052 ms (0.1%)
[Performance] ProcessService.EditorAfterLoadAllAssemblies                 :        2 samples, Peak.  44.2 ms (1.2x), Avg.  36.8 ms, Total. 73.51 ms (1.4%)
[Performance] Application.ReadLicenseInfo                                 :        1 samples, Peak.  12.4 ms (1.0x), Avg.  12.4 ms, Total. 12.40 ms (0.2%)
[Performance] Application.InitialScriptRefresh                            :        1 samples, Peak.  1.33 s (1.0x), Avg.  1.33 s, Total. 1.330 s (24.5%)
[Performance] Application.AssetDatabase.Refresh                           :        1 samples, Peak.  52.7 ms (1.0x), Avg.  52.7 ms, Total. 52.69 ms (1.0%)
[Performance] Application.ImportAssetsWithMismatchingAssetImporterVersion :        1 samples, Peak.  69.8 ms (1.0x), Avg.  69.8 ms, Total. 69.80 ms (1.3%)
[Performance] Application.SyncCurrentColorSpace                           :        1 samples, Peak.  5.10 ms (1.0x), Avg.  5.10 ms, Total. 5.102 ms (0.1%)
[Performance] Application.OnUsbDevicesChanged                             :        1 samples, Peak.   364 us (1.0x), Avg.   364 us, Total. 363.9 us (0.0%)
[Performance] Application.AssetInstanceCacheUpdate                        :        1 samples, Peak.   146 ns (1.0x), Avg.   146 ns, Total. 146.0 ns (0.0%)
[Performance] Application.UnityExtensions.Initialize                      :        1 samples, Peak.   714 us (1.0x), Avg.   714 us, Total. 713.7 us (0.0%)
[Performance] Application.InitializeManagedCompilationPipeline            :        1 samples, Peak.  30.7 ms (1.0x), Avg.  30.7 ms, Total. 30.72 ms (0.6%)
[Performance] Application.ExecuteStartups                                 :        1 samples, Peak.  23.7 ms (1.0x), Avg.  23.7 ms, Total. 23.67 ms (0.4%)
[Performance] Application.RebuildOSMenu                                   :        1 samples, Peak.  48.3 ms (1.0x), Avg.  48.3 ms, Total. 48.31 ms (0.9%)
[Performance] UpdateAllMenus                                              :        1 samples, Peak.  48.3 ms (1.0x), Avg.  48.3 ms, Total. 48.31 ms (0.9%)
[Performance] Application.editorInitializingProject                       :        1 samples, Peak.  13.6 us (1.0x), Avg.  13.6 us, Total. 13.58 us (0.0%)
[Performance] GUIView.RepaintAll.PlayerLoopController                     :        1 samples, Peak.   221 ns (1.0x), Avg.   221 ns, Total. 221.0 ns (0.0%)
[Performance] Application.InvokeFinishedLoadingProject                    :        1 samples, Peak.  45.2 ms (1.0x), Avg.  45.2 ms, Total. 45.16 ms (0.8%)
[Performance] ProcessService.OnProjectLoaded                              :        1 samples, Peak.  43.2 ms (1.0x), Avg.  43.2 ms, Total. 43.21 ms (0.8%)
Cleanup mono
debugger-agent: Unable to listen on 42
[usbmuxd] Stop listen thread
[usbmuxd] Error: 
[usbmuxd] Listen thread exiting
Exiting batchmode successfully now!
[Package Manager] Server::Kill -- Server was shutdown
